# JRE version: OpenJDK Runtime Environment (8.0_265-b01) (build 1.8.0_265-8u265-b01-0ubuntu2~18.04-b01)
# Java VM: OpenJDK 64-Bit Server VM (25.265-b01 mixed mode linux-amd64 compressed oops)
Heap:
 def new generation   total 76288K, used 0K [0x00000000c0000000, 0x00000000c52c0000, 0x00000000d5550000)
  eden space 67840K,   0% used [0x00000000c0000000, 0x00000000c0000000, 0x00000000c4240000)
  from space 8448K,   0% used [0x00000000c4a80000, 0x00000000c4a80000, 0x00000000c52c0000)
  to   space 8448K,   0% used [0x00000000c4240000, 0x00000000c4240000, 0x00000000c4a80000)
 tenured generation   total 173276K, used 145573K [0x00000000d5550000, 0x00000000dfe87000, 0x0000000100000000)
   the space 173276K,  84% used [0x00000000d5550000, 0x00000000de379520, 0x00000000de379600, 0x00000000dfe87000)
 Metaspace       used 70868K, capacity 71954K, committed 72280K, reserved 1112064K
  class space    used 10056K, capacity 10290K, committed 10328K, reserved 1048576K
GC Heap History (10 events):
Event: 1002.956 GC heap after
Heap after GC invocations=2960 (full 11):
 def new generation   total 76288K, used 1906K [0x00000000c0000000, 0x00000000c52c0000, 0x00000000d5550000)
  eden space 67840K,   0% used [0x00000000c0000000, 0x00000000c0000000, 0x00000000c4240000)
  from space 8448K,  22% used [0x00000000c4240000, 0x00000000c441c918, 0x00000000c4a80000)
  to   space 8448K,   0% used [0x00000000c4a80000, 0x00000000c4a80000, 0x00000000c52c0000)
 tenured generation   total 169372K, used 158704K [0x00000000d5550000, 0x00000000dfab7000, 0x0000000100000000)
   the space 169372K,  93% used [0x00000000d5550000, 0x00000000df04c3c0, 0x00000000df04c400, 0x00000000dfab7000)
 Metaspace       used 70814K, capacity 71808K, committed 72024K, reserved 1112064K
  class space    used 10055K, capacity 10287K, committed 10328K, reserved 1048576K
}
Event: 1003.065 GC heap before
{Heap before GC invocations=2960 (full 11):
 def new generation   total 76288K, used 69746K [0x00000000c0000000, 0x00000000c52c0000, 0x00000000d5550000)
  eden space 67840K, 100% used [0x00000000c0000000, 0x00000000c4240000, 0x00000000c4240000)
  from space 8448K,  22% used [0x00000000c4240000, 0x00000000c441c918, 0x00000000c4a80000)
  to   space 8448K,   0% used [0x00000000c4a80000, 0x00000000c4a80000, 0x00000000c52c0000)
 tenured generation   total 169372K, used 158704K [0x00000000d5550000, 0x00000000dfab7000, 0x0000000100000000)
   the space 169372K,  93% used [0x00000000d5550000, 0x00000000df04c3c0, 0x00000000df04c400, 0x00000000dfab7000)
 Metaspace       used 70816K, capacity 71808K, committed 72024K, reserved 1112064K
  class space    used 10055K, capacity 10287K, committed 10328K, reserved 1048576K
Event: 1003.068 GC heap after
Heap after GC invocations=2961 (full 11):
 def new generation   total 76288K, used 3802K [0x00000000c0000000, 0x00000000c52c0000, 0x00000000d5550000)
  eden space 67840K,   0% used [0x00000000c0000000, 0x00000000c0000000, 0x00000000c4240000)
  from space 8448K,  45% used [0x00000000c4a80000, 0x00000000c4e36b40, 0x00000000c52c0000)
  to   space 8448K,   0% used [0x00000000c4240000, 0x00000000c4240000, 0x00000000c4a80000)
 tenured generation   total 169372K, used 158704K [0x00000000d5550000, 0x00000000dfab7000, 0x0000000100000000)
   the space 169372K,  93% used [0x00000000d5550000, 0x00000000df04c3c0, 0x00000000df04c400, 0x00000000dfab7000)
 Metaspace       used 70816K, capacity 71808K, committed 72024K, reserved 1112064K
  class space    used 10055K, capacity 10287K, committed 10328K, reserved 1048576K
}
Event: 1003.112 GC heap before
{Heap before GC invocations=2961 (full 11):
 def new generation   total 76288K, used 71642K [0x00000000c0000000, 0x00000000c52c0000, 0x00000000d5550000)
  eden space 67840K, 100% used [0x00000000c0000000, 0x00000000c4240000, 0x00000000c4240000)
  from space 8448K,  45% used [0x00000000c4a80000, 0x00000000c4e36b40, 0x00000000c52c0000)
  to   space 8448K,   0% used [0x00000000c4240000, 0x00000000c4240000, 0x00000000c4a80000)
 tenured generation   total 169372K, used 158704K [0x00000000d5550000, 0x00000000dfab7000, 0x0000000100000000)
   the space 169372K,  93% used [0x00000000d5550000, 0x00000000df04c3c0, 0x00000000df04c400, 0x00000000dfab7000)
 Metaspace       used 70821K, capacity 71808K, committed 72024K, reserved 1112064K
  class space    used 10055K, capacity 10287K, committed 10328K, reserved 1048576K
Event: 1003.115 GC heap after
Heap after GC invocations=2962 (full 11):
 def new generation   total 76288K, used 5178K [0x00000000c0000000, 0x00000000c52c0000, 0x00000000d5550000)
  eden space 67840K,   0% used [0x00000000c0000000, 0x00000000c0000000, 0x00000000c4240000)
  from space 8448K,  61% used [0x00000000c4240000, 0x00000000c474e848, 0x00000000c4a80000)
  to   space 8448K,   0% used [0x00000000c4a80000, 0x00000000c4a80000, 0x00000000c52c0000)
 tenured generation   total 169372K, used 158704K [0x00000000d5550000, 0x00000000dfab7000, 0x0000000100000000)
   the space 169372K,  93% used [0x00000000d5550000, 0x00000000df04c3c0, 0x00000000df04c400, 0x00000000dfab7000)
 Metaspace       used 70821K, capacity 71808K, committed 72024K, reserved 1112064K
  class space    used 10055K, capacity 10287K, committed 10328K, reserved 1048576K
}
Event: 1003.262 GC heap before
{Heap before GC invocations=2962 (full 11):
 def new generation   total 76288K, used 73018K [0x00000000c0000000, 0x00000000c52c0000, 0x00000000d5550000)
  eden space 67840K, 100% used [0x00000000c0000000, 0x00000000c4240000, 0x00000000c4240000)
  from space 8448K,  61% used [0x00000000c4240000, 0x00000000c474e868, 0x00000000c4a80000)
  to   space 8448K,   0% used [0x00000000c4a80000, 0x00000000c4a80000, 0x00000000c52c0000)
 tenured generation   total 169372K, used 158704K [0x00000000d5550000, 0x00000000dfab7000, 0x0000000100000000)
   the space 169372K,  93% used [0x00000000d5550000, 0x00000000df04c3c0, 0x00000000df04c400, 0x00000000dfab7000)
 Metaspace       used 70844K, capacity 71878K, committed 72024K, reserved 1112064K
  class space    used 10055K, capacity 10288K, committed 10328K, reserved 1048576K
Event: 1003.275 GC heap after
Heap after GC invocations=2963 (full 11):
 def new generation   total 76288K, used 7424K [0x00000000c0000000, 0x00000000c52c0000, 0x00000000d5550000)
  eden space 67840K,   0% used [0x00000000c0000000, 0x00000000c0000000, 0x00000000c4240000)
  from space 8448K,  87% used [0x00000000c4a80000, 0x00000000c51c0098, 0x00000000c52c0000)
  to   space 8448K,   0% used [0x00000000c4240000, 0x00000000c4240000, 0x00000000c4a80000)
 tenured generation   total 169372K, used 159791K [0x00000000d5550000, 0x00000000dfab7000, 0x0000000100000000)
   the space 169372K,  94% used [0x00000000d5550000, 0x00000000df15bf48, 0x00000000df15c000, 0x00000000dfab7000)
 Metaspace       used 70844K, capacity 71878K, committed 72024K, reserved 1112064K
  class space    used 10055K, capacity 10288K, committed 10328K, reserved 1048576K
}
Event: 1003.570 GC heap before
{Heap before GC invocations=2963 (full 11):
 def new generation   total 76288K, used 75264K [0x00000000c0000000, 0x00000000c52c0000, 0x00000000d5550000)
  eden space 67840K, 100% used [0x00000000c0000000, 0x00000000c4240000, 0x00000000c4240000)
  from space 8448K,  87% used [0x00000000c4a80000, 0x00000000c51c0098, 0x00000000c52c0000)
  to   space 8448K,   0% used [0x00000000c4240000, 0x00000000c4240000, 0x00000000c4a80000)
 tenured generation   total 169372K, used 159791K [0x00000000d5550000, 0x00000000dfab7000, 0x0000000100000000)
   the space 169372K,  94% used [0x00000000d5550000, 0x00000000df15bf48, 0x00000000df15c000, 0x00000000dfab7000)
 Metaspace       used 70862K, capacity 71890K, committed 72024K, reserved 1112064K
  class space    used 10056K, capacity 10290K, committed 10328K, reserved 1048576K
Event: 1003.590 GC heap after
Heap after GC invocations=2964 (full 11):
 def new generation   total 76288K, used 8448K [0x00000000c0000000, 0x00000000c52c0000, 0x00000000d5550000)
  eden space 67840K,   0% used [0x00000000c0000000, 0x00000000c0000000, 0x00000000c4240000)
  from space 8448K, 100% used [0x00000000c4240000, 0x00000000c4a80000, 0x00000000c4a80000)
  to   space 8448K,   0% used [0x00000000c4a80000, 0x00000000c4a80000, 0x00000000c52c0000)
 tenured generation   total 169372K, used 165633K [0x00000000d5550000, 0x00000000dfab7000, 0x0000000100000000)
   the space 169372K,  97% used [0x00000000d5550000, 0x00000000df710500, 0x00000000df710600, 0x00000000dfab7000)
 Metaspace       used 70862K, capacity 71890K, committed 72024K, reserved 1112064K
  class space    used 10056K, capacity 10290K, committed 10328K, reserved 1048576K
}
Event: 1003.998 GC heap before
{Heap before GC invocations=2964 (full 11):
 def new generation   total 76288K, used 76288K [0x00000000c0000000, 0x00000000c52c0000, 0x00000000d5550000)
  eden space 67840K, 100% used [0x00000000c0000000, 0x00000000c4240000, 0x00000000c4240000)
  from space 8448K, 100% used [0x00000000c4240000, 0x00000000c4a80000, 0x00000000c4a80000)
  to   space 8448K,   0% used [0x00000000c4a80000, 0x00000000c4a80000, 0x00000000c52c0000)
 tenured generation   total 169372K, used 165633K [0x00000000d5550000, 0x00000000dfab7000, 0x0000000100000000)
   the space 169372K,  97% used [0x00000000d5550000, 0x00000000df710500, 0x00000000df710600, 0x00000000dfab7000)
 Metaspace       used 70868K, capacity 71954K, committed 72280K, reserved 1112064K
  class space    used 10056K, capacity 10290K, committed 10328K, reserved 1048576K

