# JRE version: OpenJDK Runtime Environment (8.0_265-b01) (build 1.8.0_265-8u265-b01-0ubuntu2~18.04-b01)
# Java VM: OpenJDK 64-Bit Server VM (25.265-b01 mixed mode linux-amd64 compressed oops)
Heap:
 def new generation   total 97344K, used 0K [0x00000000c0000000, 0x00000000c6990000, 0x00000000d5550000)
  eden space 86592K,   0% used [0x00000000c0000000, 0x00000000c0000000, 0x00000000c5490000)
  from space 10752K,   0% used [0x00000000c5f10000, 0x00000000c5f10000, 0x00000000c6990000)
  to   space 10752K,   0% used [0x00000000c5490000, 0x00000000c5490000, 0x00000000c5f10000)
 tenured generation   total 216108K, used 151283K [0x00000000d5550000, 0x00000000e285b000, 0x0000000100000000)
   the space 216108K,  70% used [0x00000000d5550000, 0x00000000de90cfc0, 0x00000000de90d000, 0x00000000e285b000)
 Metaspace       used 90241K, capacity 91882K, committed 91992K, reserved 1128448K
  class space    used 11997K, capacity 12293K, committed 12376K, reserved 1048576K
GC Heap History (10 events):
Event: 12416.723 GC heap after
Heap after GC invocations=1359 (full 19):
 def new generation   total 97344K, used 2175K [0x00000000c0000000, 0x00000000c6990000, 0x00000000d5550000)
  eden space 86592K,   0% used [0x00000000c0000000, 0x00000000c0000000, 0x00000000c5490000)
  from space 10752K,  20% used [0x00000000c5f10000, 0x00000000c612ff20, 0x00000000c6990000)
  to   space 10752K,   0% used [0x00000000c5490000, 0x00000000c5490000, 0x00000000c5f10000)
 tenured generation   total 216108K, used 205725K [0x00000000d5550000, 0x00000000e285b000, 0x0000000100000000)
   the space 216108K,  95% used [0x00000000d5550000, 0x00000000e1e377e0, 0x00000000e1e37800, 0x00000000e285b000)
 Metaspace       used 90237K, capacity 91882K, committed 91992K, reserved 1128448K
  class space    used 11997K, capacity 12293K, committed 12376K, reserved 1048576K
}
Event: 12416.797 GC heap before
{Heap before GC invocations=1359 (full 19):
 def new generation   total 97344K, used 88767K [0x00000000c0000000, 0x00000000c6990000, 0x00000000d5550000)
  eden space 86592K, 100% used [0x00000000c0000000, 0x00000000c5490000, 0x00000000c5490000)
  from space 10752K,  20% used [0x00000000c5f10000, 0x00000000c612ff20, 0x00000000c6990000)
  to   space 10752K,   0% used [0x00000000c5490000, 0x00000000c5490000, 0x00000000c5f10000)
 tenured generation   total 216108K, used 205725K [0x00000000d5550000, 0x00000000e285b000, 0x0000000100000000)
   the space 216108K,  95% used [0x00000000d5550000, 0x00000000e1e377e0, 0x00000000e1e37800, 0x00000000e285b000)
 Metaspace       used 90238K, capacity 91882K, committed 91992K, reserved 1128448K
  class space    used 11997K, capacity 12293K, committed 12376K, reserved 1048576K
Event: 12416.801 GC heap after
Heap after GC invocations=1360 (full 19):
 def new generation   total 97344K, used 542K [0x00000000c0000000, 0x00000000c6990000, 0x00000000d5550000)
  eden space 86592K,   0% used [0x00000000c0000000, 0x00000000c0000000, 0x00000000c5490000)
  from space 10752K,   5% used [0x00000000c5490000, 0x00000000c5517818, 0x00000000c5f10000)
  to   space 10752K,   0% used [0x00000000c5f10000, 0x00000000c5f10000, 0x00000000c6990000)
 tenured generation   total 216108K, used 205725K [0x00000000d5550000, 0x00000000e285b000, 0x0000000100000000)
   the space 216108K,  95% used [0x00000000d5550000, 0x00000000e1e377e0, 0x00000000e1e37800, 0x00000000e285b000)
 Metaspace       used 90238K, capacity 91882K, committed 91992K, reserved 1128448K
  class space    used 11997K, capacity 12293K, committed 12376K, reserved 1048576K
}
Event: 12416.878 GC heap before
{Heap before GC invocations=1360 (full 19):
 def new generation   total 97344K, used 87134K [0x00000000c0000000, 0x00000000c6990000, 0x00000000d5550000)
  eden space 86592K, 100% used [0x00000000c0000000, 0x00000000c5490000, 0x00000000c5490000)
  from space 10752K,   5% used [0x00000000c5490000, 0x00000000c5517818, 0x00000000c5f10000)
  to   space 10752K,   0% used [0x00000000c5f10000, 0x00000000c5f10000, 0x00000000c6990000)
 tenured generation   total 216108K, used 205725K [0x00000000d5550000, 0x00000000e285b000, 0x0000000100000000)
   the space 216108K,  95% used [0x00000000d5550000, 0x00000000e1e377e0, 0x00000000e1e37800, 0x00000000e285b000)
 Metaspace       used 90238K, capacity 91882K, committed 91992K, reserved 1128448K
  class space    used 11997K, capacity 12293K, committed 12376K, reserved 1048576K
Event: 12416.881 GC heap after
Heap after GC invocations=1361 (full 19):
 def new generation   total 97344K, used 1281K [0x00000000c0000000, 0x00000000c6990000, 0x00000000d5550000)
  eden space 86592K,   0% used [0x00000000c0000000, 0x00000000c0000000, 0x00000000c5490000)
  from space 10752K,  11% used [0x00000000c5f10000, 0x00000000c6050478, 0x00000000c6990000)
  to   space 10752K,   0% used [0x00000000c5490000, 0x00000000c5490000, 0x00000000c5f10000)
 tenured generation   total 216108K, used 205725K [0x00000000d5550000, 0x00000000e285b000, 0x0000000100000000)
   the space 216108K,  95% used [0x00000000d5550000, 0x00000000e1e377e0, 0x00000000e1e37800, 0x00000000e285b000)
 Metaspace       used 90238K, capacity 91882K, committed 91992K, reserved 1128448K
  class space    used 11997K, capacity 12293K, committed 12376K, reserved 1048576K
}
Event: 12416.957 GC heap before
{Heap before GC invocations=1361 (full 19):
 def new generation   total 97344K, used 87873K [0x00000000c0000000, 0x00000000c6990000, 0x00000000d5550000)
  eden space 86592K, 100% used [0x00000000c0000000, 0x00000000c5490000, 0x00000000c5490000)
  from space 10752K,  11% used [0x00000000c5f10000, 0x00000000c6050478, 0x00000000c6990000)
  to   space 10752K,   0% used [0x00000000c5490000, 0x00000000c5490000, 0x00000000c5f10000)
 tenured generation   total 216108K, used 205725K [0x00000000d5550000, 0x00000000e285b000, 0x0000000100000000)
   the space 216108K,  95% used [0x00000000d5550000, 0x00000000e1e377e0, 0x00000000e1e37800, 0x00000000e285b000)
 Metaspace       used 90239K, capacity 91882K, committed 91992K, reserved 1128448K
  class space    used 11997K, capacity 12293K, committed 12376K, reserved 1048576K
Event: 12416.974 GC heap after
Heap after GC invocations=1362 (full 19):
 def new generation   total 97344K, used 5640K [0x00000000c0000000, 0x00000000c6990000, 0x00000000d5550000)
  eden space 86592K,   0% used [0x00000000c0000000, 0x00000000c0000000, 0x00000000c5490000)
  from space 10752K,  52% used [0x00000000c5490000, 0x00000000c5a12010, 0x00000000c5f10000)
  to   space 10752K,   0% used [0x00000000c5f10000, 0x00000000c5f10000, 0x00000000c6990000)
 tenured generation   total 216108K, used 205725K [0x00000000d5550000, 0x00000000e285b000, 0x0000000100000000)
   the space 216108K,  95% used [0x00000000d5550000, 0x00000000e1e377e0, 0x00000000e1e37800, 0x00000000e285b000)
 Metaspace       used 90239K, capacity 91882K, committed 91992K, reserved 1128448K
  class space    used 11997K, capacity 12293K, committed 12376K, reserved 1048576K
}
Event: 12417.265 GC heap before
{Heap before GC invocations=1362 (full 19):
 def new generation   total 97344K, used 91897K [0x00000000c0000000, 0x00000000c6990000, 0x00000000d5550000)
  eden space 86592K,  99% used [0x00000000c0000000, 0x00000000c543c6f8, 0x00000000c5490000)
  from space 10752K,  52% used [0x00000000c5490000, 0x00000000c5a12010, 0x00000000c5f10000)
  to   space 10752K,   0% used [0x00000000c5f10000, 0x00000000c5f10000, 0x00000000c6990000)
 tenured generation   total 216108K, used 205725K [0x00000000d5550000, 0x00000000e285b000, 0x0000000100000000)
   the space 216108K,  95% used [0x00000000d5550000, 0x00000000e1e377e0, 0x00000000e1e37800, 0x00000000e285b000)
 Metaspace       used 90240K, capacity 91882K, committed 91992K, reserved 1128448K
  class space    used 11997K, capacity 12293K, committed 12376K, reserved 1048576K
Event: 12417.348 GC heap after
Heap after GC invocations=1363 (full 19):
 def new generation   total 97344K, used 10752K [0x00000000c0000000, 0x00000000c6990000, 0x00000000d5550000)
  eden space 86592K,   0% used [0x00000000c0000000, 0x00000000c0000000, 0x00000000c5490000)
  from space 10752K, 100% used [0x00000000c5f10000, 0x00000000c6990000, 0x00000000c6990000)
  to   space 10752K,   0% used [0x00000000c5490000, 0x00000000c5490000, 0x00000000c5f10000)
 tenured generation   total 216108K, used 207805K [0x00000000d5550000, 0x00000000e285b000, 0x0000000100000000)
   the space 216108K,  96% used [0x00000000d5550000, 0x00000000e203f5a8, 0x00000000e203f600, 0x00000000e285b000)
 Metaspace       used 90240K, capacity 91882K, committed 91992K, reserved 1128448K
  class space    used 11997K, capacity 12293K, committed 12376K, reserved 1048576K
}
Event: 12605.449 GC heap before
{Heap before GC invocations=1363 (full 19):
 def new generation   total 97344K, used 42445K [0x00000000c0000000, 0x00000000c6990000, 0x00000000d5550000)
  eden space 86592K,  36% used [0x00000000c0000000, 0x00000000c1ef3748, 0x00000000c5490000)
  from space 10752K, 100% used [0x00000000c5f10000, 0x00000000c6990000, 0x00000000c6990000)
  to   space 10752K,   0% used [0x00000000c5490000, 0x00000000c5490000, 0x00000000c5f10000)
 tenured generation   total 216108K, used 207805K [0x00000000d5550000, 0x00000000e285b000, 0x0000000100000000)
   the space 216108K,  96% used [0x00000000d5550000, 0x00000000e203f5a8, 0x00000000e203f600, 0x00000000e285b000)
 Metaspace       used 90241K, capacity 91882K, committed 91992K, reserved 1128448K
  class space    used 11997K, capacity 12293K, committed 12376K, reserved 1048576K

